<?xml version="1.0" encoding="UTF-8"?>
<testsuite xmlns:xsi="http://www.w3.org/2001/XMLSchema-instance" xsi:noNamespaceSchemaLocation="https://maven.apache.org/surefire/maven-surefire-plugin/xsd/surefire-test-report-3.0.xsd" version="3.0" name="com.smartcollections.service.LibraryServiceTest" time="0.291" tests="11" errors="0" skipped="0" failures="0">
  <properties>
[...]
</properties>
  <testcase name="testAddItem" classname="com.smartcollections.service.LibraryServiceTest" time="0.154">
    <system-out><![CDATA[Library loaded successfully: C:\Users\Tasin\.smartcollections\library.dat
Library Statistics:
  Items: 13
  Indexed Keywords: 88
  Unique Tags: 17
  Tasks: 0
  Undo History Size: 14
  Version: 1
  Last Saved: Mon Oct 27 14:10:39 AEDT 2025
Library loaded successfully
Library Statistics:
  Items: 13
  Indexed Keywords: 88
  Unique Tags: 17
  Tasks: 0
  Undo History Size: 14
  Version: 1
  Last Saved: Mon Oct 27 14:10:39 AEDT 2025
All library data cleared
Added item: Java Programming
All library data cleared
]]></system-out>
  </testcase>
  <testcase name="testSearch" classname="com.smartcollections.service.LibraryServiceTest" time="0.018">
    <system-out><![CDATA[Library loaded successfully: C:\Users\Tasin\.smartcollections\library.dat
Library Statistics:
  Items: 13
  Indexed Keywords: 88
  Unique Tags: 17
  Tasks: 0
  Undo History Size: 14
  Version: 1
  Last Saved: Mon Oct 27 14:10:39 AEDT 2025
Library loaded successfully
Library Statistics:
  Items: 13
  Indexed Keywords: 88
  Unique Tags: 17
  Tasks: 0
  Undo History Size: 14
  Version: 1
  Last Saved: Mon Oct 27 14:10:39 AEDT 2025
All library data cleared
Added item: Java Tutorial
Added item: Python Guide
Added item: Java Advanced
Search for 'java' returned 2 results
All library data cleared
]]></system-out>
  </testcase>
  <testcase name="testCaseInsensitiveSearch" classname="com.smartcollections.service.LibraryServiceTest" time="0.007">
    <system-out><![CDATA[Library loaded successfully: C:\Users\Tasin\.smartcollections\library.dat
Library Statistics:
  Items: 13
  Indexed Keywords: 88
  Unique Tags: 17
  Tasks: 0
  Undo History Size: 14
  Version: 1
  Last Saved: Mon Oct 27 14:10:39 AEDT 2025
Library loaded successfully
Library Statistics:
  Items: 13
  Indexed Keywords: 88
  Unique Tags: 17
  Tasks: 0
  Undo History Size: 14
  Version: 1
  Last Saved: Mon Oct 27 14:10:39 AEDT 2025
All library data cleared
Added item: JavaScript Basics
Search for 'JAVASCRIPT' returned 1 results
Search for 'javascript' returned 1 results
Search for 'JavaScript' returned 1 results
All library data cleared
]]></system-out>
  </testcase>
  <testcase name="testUpdateItem" classname="com.smartcollections.service.LibraryServiceTest" time="0.013">
    <system-out><![CDATA[Library loaded successfully: C:\Users\Tasin\.smartcollections\library.dat
Library Statistics:
  Items: 13
  Indexed Keywords: 88
  Unique Tags: 17
  Tasks: 0
  Undo History Size: 14
  Version: 1
  Last Saved: Mon Oct 27 14:10:39 AEDT 2025
Library loaded successfully
Library Statistics:
  Items: 13
  Indexed Keywords: 88
  Unique Tags: 17
  Tasks: 0
  Undo History Size: 14
  Version: 1
  Last Saved: Mon Oct 27 14:10:39 AEDT 2025
All library data cleared
Added item: Original Title
Updated item: Updated Title
All library data cleared
]]></system-out>
  </testcase>
  <testcase name="testDeleteItem" classname="com.smartcollections.service.LibraryServiceTest" time="0.008">
    <system-out><![CDATA[Library loaded successfully: C:\Users\Tasin\.smartcollections\library.dat
Library Statistics:
  Items: 13
  Indexed Keywords: 88
  Unique Tags: 17
  Tasks: 0
  Undo History Size: 14
  Version: 1
  Last Saved: Mon Oct 27 14:10:39 AEDT 2025
Library loaded successfully
Library Statistics:
  Items: 13
  Indexed Keywords: 88
  Unique Tags: 17
  Tasks: 0
  Undo History Size: 14
  Version: 1
  Last Saved: Mon Oct 27 14:10:39 AEDT 2025
All library data cleared
Added item: To Delete
Deleted item: To Delete
All library data cleared
]]></system-out>
  </testcase>
  <testcase name="testUndo" classname="com.smartcollections.service.LibraryServiceTest" time="0.007">
    <system-out><![CDATA[Library loaded successfully: C:\Users\Tasin\.smartcollections\library.dat
Library Statistics:
  Items: 13
  Indexed Keywords: 88
  Unique Tags: 17
  Tasks: 0
  Undo History Size: 14
  Version: 1
  Last Saved: Mon Oct 27 14:10:39 AEDT 2025
Library loaded successfully
Library Statistics:
  Items: 13
  Indexed Keywords: 88
  Unique Tags: 17
  Tasks: 0
  Undo History Size: 14
  Version: 1
  Last Saved: Mon Oct 27 14:10:39 AEDT 2025
All library data cleared
Added item: Test Item
Undone: Creation of Test Item
All library data cleared
]]></system-out>
  </testcase>
  <testcase name="testUndoDelete" classname="com.smartcollections.service.LibraryServiceTest" time="0.008">
    <system-out><![CDATA[Library loaded successfully: C:\Users\Tasin\.smartcollections\library.dat
Library Statistics:
  Items: 13
  Indexed Keywords: 88
  Unique Tags: 17
  Tasks: 0
  Undo History Size: 14
  Version: 1
  Last Saved: Mon Oct 27 14:10:39 AEDT 2025
Library loaded successfully
Library Statistics:
  Items: 13
  Indexed Keywords: 88
  Unique Tags: 17
  Tasks: 0
  Undo History Size: 14
  Version: 1
  Last Saved: Mon Oct 27 14:10:39 AEDT 2025
All library data cleared
Added item: Test Item
Deleted item: Test Item
Undone: Deletion of Test Item
All library data cleared
]]></system-out>
  </testcase>
  <testcase name="testDuplicateDetection" classname="com.smartcollections.service.LibraryServiceTest" time="0.008">
    <system-out><![CDATA[Library loaded successfully: C:\Users\Tasin\.smartcollections\library.dat
Library Statistics:
  Items: 13
  Indexed Keywords: 88
  Unique Tags: 17
  Tasks: 0
  Undo History Size: 14
  Version: 1
  Last Saved: Mon Oct 27 14:10:39 AEDT 2025
Library loaded successfully
Library Statistics:
  Items: 13
  Indexed Keywords: 88
  Unique Tags: 17
  Tasks: 0
  Undo History Size: 14
  Version: 1
  Last Saved: Mon Oct 27 14:10:39 AEDT 2025
All library data cleared
Added item: File Item
All library data cleared
]]></system-out>
  </testcase>
  <testcase name="testTaskQueue" classname="com.smartcollections.service.LibraryServiceTest" time="0.009">
    <system-out><![CDATA[Library loaded successfully: C:\Users\Tasin\.smartcollections\library.dat
Library Statistics:
  Items: 13
  Indexed Keywords: 88
  Unique Tags: 17
  Tasks: 0
  Undo History Size: 14
  Version: 1
  Last Saved: Mon Oct 27 14:10:39 AEDT 2025
Library loaded successfully
Library Statistics:
  Items: 13
  Indexed Keywords: 88
  Unique Tags: 17
  Tasks: 0
  Undo History Size: 14
  Version: 1
  Last Saved: Mon Oct 27 14:10:39 AEDT 2025
All library data cleared
Added item: Study Item 1
Added task: Low priority task
Added task: High priority task
All library data cleared
]]></system-out>
  </testcase>
  <testcase name="testTagFrequency" classname="com.smartcollections.service.LibraryServiceTest" time="0.009">
    <system-out><![CDATA[Library loaded successfully: C:\Users\Tasin\.smartcollections\library.dat
Library Statistics:
  Items: 13
  Indexed Keywords: 88
  Unique Tags: 17
  Tasks: 0
  Undo History Size: 14
  Version: 1
  Last Saved: Mon Oct 27 14:10:39 AEDT 2025
Library loaded successfully
Library Statistics:
  Items: 13
  Indexed Keywords: 88
  Unique Tags: 17
  Tasks: 0
  Undo History Size: 14
  Version: 1
  Last Saved: Mon Oct 27 14:10:39 AEDT 2025
All library data cleared
Added item: Item 1
Added item: Item 2
Search for 'java' returned 2 results
All library data cleared
]]></system-out>
  </testcase>
  <testcase name="testRecentlyViewed" classname="com.smartcollections.service.LibraryServiceTest" time="0.008">
    <system-out><![CDATA[Library loaded successfully: C:\Users\Tasin\.smartcollections\library.dat
Library Statistics:
  Items: 13
  Indexed Keywords: 88
  Unique Tags: 17
  Tasks: 0
  Undo History Size: 14
  Version: 1
  Last Saved: Mon Oct 27 14:10:39 AEDT 2025
Library loaded successfully
Library Statistics:
  Items: 13
  Indexed Keywords: 88
  Unique Tags: 17
  Tasks: 0
  Undo History Size: 14
  Version: 1
  Last Saved: Mon Oct 27 14:10:39 AEDT 2025
All library data cleared
Added item: Item 1
Added item: Item 2
Added item: Item 3
All library data cleared
]]></system-out>
  </testcase>
</testsuite>